=== restickify telemetry survey start 2026-05-15T11:46:04+00:00 ===
=== run base core 2026-05-15T11:46:04+00:00 ===
/home/adnan-cdx/dt-inductor/.venv/lib64/python3.12/site-packages/torch/_dynamo/pgo.py:538: UserWarning: dynamo_pgo force disabled by torch.compiler.config.force_disable_caches
  warn_once(
/home/adnan-cdx/dt-inductor/.venv/lib64/python3.12/site-packages/torch/_dynamo/pgo.py:538: UserWarning: dynamo_pgo force disabled by torch.compiler.config.force_disable_caches
  warn_once(
/home/adnan-cdx/dt-inductor/.venv/lib64/python3.12/site-packages/torch/_dynamo/pgo.py:538: UserWarning: dynamo_pgo force disabled by torch.compiler.config.force_disable_caches
  warn_once(
/home/adnan-cdx/dt-inductor/.venv/lib64/python3.12/site-packages/torch/_dynamo/pgo.py:538: UserWarning: dynamo_pgo force disabled by torch.compiler.config.force_disable_caches
  warn_once(
/home/adnan-cdx/dt-inductor/.venv/lib64/python3.12/site-packages/torch/_dynamo/pgo.py:538: UserWarning: dynamo_pgo force disabled by torch.compiler.config.force_disable_caches
  warn_once(
/home/adnan-cdx/dt-inductor/.venv/lib64/python3.12/site-packages/torch/_dynamo/pgo.py:538: UserWarning: dynamo_pgo force disabled by torch.compiler.config.force_disable_caches
  warn_once(
/home/adnan-cdx/dt-inductor/.venv/lib64/python3.12/site-packages/torch/_dynamo/pgo.py:538: UserWarning: dynamo_pgo force disabled by torch.compiler.config.force_disable_caches
  warn_once(
/home/adnan-cdx/dt-inductor/.venv/lib64/python3.12/site-packages/torch/_dynamo/pgo.py:538: UserWarning: dynamo_pgo force disabled by torch.compiler.config.force_disable_caches
  warn_once(
/home/adnan-cdx/dt-inductor/.venv/lib64/python3.12/site-packages/torch/_dynamo/pgo.py:538: UserWarning: dynamo_pgo force disabled by torch.compiler.config.force_disable_caches
  warn_once(
/home/adnan-cdx/dt-inductor/.venv/lib64/python3.12/site-packages/torch/_dynamo/pgo.py:538: UserWarning: dynamo_pgo force disabled by torch.compiler.config.force_disable_caches
  warn_once(
/home/adnan-cdx/dt-inductor/.venv/lib64/python3.12/site-packages/torch/_dynamo/pgo.py:538: UserWarning: dynamo_pgo force disabled by torch.compiler.config.force_disable_caches
  warn_once(
/home/adnan-cdx/dt-inductor/.venv/lib64/python3.12/site-packages/torch/_dynamo/pgo.py:538: UserWarning: dynamo_pgo force disabled by torch.compiler.config.force_disable_caches
  warn_once(
/home/adnan-cdx/dt-inductor/.venv/lib64/python3.12/site-packages/torch/_dynamo/pgo.py:538: UserWarning: dynamo_pgo force disabled by torch.compiler.config.force_disable_caches
  warn_once(
/home/adnan-cdx/dt-inductor/.venv/lib64/python3.12/site-packages/torch/_dynamo/pgo.py:538: UserWarning: dynamo_pgo force disabled by torch.compiler.config.force_disable_caches
  warn_once(
/home/adnan-cdx/dt-inductor/.venv/lib64/python3.12/site-packages/torch/_dynamo/pgo.py:538: UserWarning: dynamo_pgo force disabled by torch.compiler.config.force_disable_caches
  warn_once(
/home/adnan-cdx/dt-inductor/.venv/lib64/python3.12/site-packages/torch/_dynamo/pgo.py:538: UserWarning: dynamo_pgo force disabled by torch.compiler.config.force_disable_caches
  warn_once(
/home/adnan-cdx/dt-inductor/.venv/lib64/python3.12/site-packages/torch/_dynamo/pgo.py:538: UserWarning: dynamo_pgo force disabled by torch.compiler.config.force_disable_caches
  warn_once(
/home/adnan-cdx/dt-inductor/.venv/lib64/python3.12/site-packages/torch/_dynamo/pgo.py:538: UserWarning: dynamo_pgo force disabled by torch.compiler.config.force_disable_caches
  warn_once(
/home/adnan-cdx/dt-inductor/.venv/lib64/python3.12/site-packages/torch/_dynamo/pgo.py:538: UserWarning: dynamo_pgo force disabled by torch.compiler.config.force_disable_caches
  warn_once(
/home/adnan-cdx/dt-inductor/.venv/lib64/python3.12/site-packages/torch/_dynamo/pgo.py:538: UserWarning: dynamo_pgo force disabled by torch.compiler.config.force_disable_caches
  warn_once(
/home/adnan-cdx/dt-inductor/.venv/lib64/python3.12/site-packages/torch/_dynamo/pgo.py:538: UserWarning: dynamo_pgo force disabled by torch.compiler.config.force_disable_caches
  warn_once(
/home/adnan-cdx/dt-inductor/.venv/lib64/python3.12/site-packages/torch/_dynamo/pgo.py:538: UserWarning: dynamo_pgo force disabled by torch.compiler.config.force_disable_caches
  warn_once(
/home/adnan-cdx/dt-inductor/.venv/lib64/python3.12/site-packages/torch/_dynamo/pgo.py:538: UserWarning: dynamo_pgo force disabled by torch.compiler.config.force_disable_caches
  warn_once(
/home/adnan-cdx/dt-inductor/.venv/lib64/python3.12/site-packages/torch/_dynamo/pgo.py:538: UserWarning: dynamo_pgo force disabled by torch.compiler.config.force_disable_caches
  warn_once(
/home/adnan-cdx/dt-inductor/.venv/lib64/python3.12/site-packages/torch/_dynamo/pgo.py:538: UserWarning: dynamo_pgo force disabled by torch.compiler.config.force_disable_caches
  warn_once(
/home/adnan-cdx/dt-inductor/.venv/lib64/python3.12/site-packages/torch/_dynamo/pgo.py:538: UserWarning: dynamo_pgo force disabled by torch.compiler.config.force_disable_caches
  warn_once(
/home/adnan-cdx/dt-inductor/.venv/lib64/python3.12/site-packages/torch/_dynamo/pgo.py:538: UserWarning: dynamo_pgo force disabled by torch.compiler.config.force_disable_caches
  warn_once(
/home/adnan-cdx/dt-inductor/.venv/lib64/python3.12/site-packages/torch/_dynamo/pgo.py:538: UserWarning: dynamo_pgo force disabled by torch.compiler.config.force_disable_caches
  warn_once(
/home/adnan-cdx/dt-inductor/.venv/lib64/python3.12/site-packages/torch/_dynamo/pgo.py:538: UserWarning: dynamo_pgo force disabled by torch.compiler.config.force_disable_caches
  warn_once(
/home/adnan-cdx/dt-inductor/.venv/lib64/python3.12/site-packages/torch/_dynamo/pgo.py:538: UserWarning: dynamo_pgo force disabled by torch.compiler.config.force_disable_caches
  warn_once(
ok    size=128   case=pointwise_transpose_add      restickifies=1   bytes=32768 byte_hops=0
ok    size=128   case=pointwise_three_mixed        restickifies=1   bytes=32768 byte_hops=0
ok    size=128   case=matmul_lhs_wrong_stick       restickifies=1   bytes=32768 byte_hops=0
ok    size=128   case=matmul_rhs_wrong_stick       restickifies=1   bytes=32768 byte_hops=0
ok    size=128   case=adds_then_matmul             restickifies=2   bytes=65536 byte_hops=286720
ok    size=128   case=matmul_then_add              restickifies=1   bytes=32768 byte_hops=0
ok    size=128   case=transpose_chain              restickifies=1   bytes=32768 byte_hops=0
ok    size=128   case=fanout_diamond               restickifies=2   bytes=65536 byte_hops=0
ok    size=128   case=transpose_4d_chain           restickifies=1   bytes=65536 byte_hops=0
ok    size=128   case=linear_weight_transposed     restickifies=1   bytes=32768 byte_hops=0
ok    size=512   case=pointwise_transpose_add      restickifies=1   bytes=524288 byte_hops=0
ok    size=512   case=pointwise_three_mixed        restickifies=1   bytes=524288 byte_hops=0
ok    size=512   case=matmul_lhs_wrong_stick       restickifies=1   bytes=524288 byte_hops=0
ok    size=512   case=matmul_rhs_wrong_stick       restickifies=1   bytes=524288 byte_hops=0
ok    size=512   case=adds_then_matmul             restickifies=2   bytes=1048576 byte_hops=1376256
ok    size=512   case=matmul_then_add              restickifies=1   bytes=524288 byte_hops=0
ok    size=512   case=transpose_chain              restickifies=1   bytes=524288 byte_hops=0
ok    size=512   case=fanout_diamond               restickifies=2   bytes=1048576 byte_hops=0
ok    size=512   case=transpose_4d_chain           restickifies=1   bytes=262144 byte_hops=0
ok    size=512   case=linear_weight_transposed     restickifies=1   bytes=524288 byte_hops=0
ok    size=2048  case=pointwise_transpose_add      restickifies=1   bytes=8388608 byte_hops=0
ok    size=2048  case=pointwise_three_mixed        restickifies=1   bytes=8388608 byte_hops=0
ok    size=2048  case=matmul_lhs_wrong_stick       restickifies=1   bytes=8388608 byte_hops=0
ok    size=2048  case=matmul_rhs_wrong_stick       restickifies=1   bytes=8388608 byte_hops=0
ok    size=2048  case=adds_then_matmul             restickifies=2   bytes=16777216 byte_hops=67108864
ok    size=2048  case=matmul_then_add              restickifies=1   bytes=8388608 byte_hops=0
ok    size=2048  case=transpose_chain              restickifies=1   bytes=8388608 byte_hops=0
ok    size=2048  case=fanout_diamond               restickifies=2   bytes=16777216 byte_hops=0
ok    size=2048  case=transpose_4d_chain           restickifies=1   bytes=1048576 byte_hops=0
ok    size=2048  case=linear_weight_transposed     restickifies=1   bytes=8388608 byte_hops=0

Wrote /tmp/restickify-telemetry-survey/base-core/restickify_scenarios.jsonl
Wrote /tmp/restickify-telemetry-survey/base-core/restickify_scenarios.csv
Completed 30 rows with 0 errors
=== run base model 2026-05-15T11:46:58+00:00 ===
/home/adnan-cdx/dt-inductor/.venv/lib64/python3.12/site-packages/torch/_dynamo/pgo.py:538: UserWarning: dynamo_pgo force disabled by torch.compiler.config.force_disable_caches
  warn_once(
/home/adnan-cdx/dt-inductor/.venv/lib64/python3.12/site-packages/torch/_dynamo/pgo.py:538: UserWarning: dynamo_pgo force disabled by torch.compiler.config.force_disable_caches
  warn_once(
/home/adnan-cdx/dt-inductor/.venv/lib64/python3.12/site-packages/torch/_dynamo/pgo.py:538: UserWarning: dynamo_pgo force disabled by torch.compiler.config.force_disable_caches
  warn_once(
/home/adnan-cdx/dt-inductor/.venv/lib64/python3.12/site-packages/torch/_dynamo/pgo.py:538: UserWarning: dynamo_pgo force disabled by torch.compiler.config.force_disable_caches
  warn_once(
/home/adnan-cdx/dt-inductor/.venv/lib64/python3.12/site-packages/torch/_dynamo/pgo.py:538: UserWarning: dynamo_pgo force disabled by torch.compiler.config.force_disable_caches
  warn_once(
/home/adnan-cdx/dt-inductor/.venv/lib64/python3.12/site-packages/torch/_dynamo/pgo.py:538: UserWarning: dynamo_pgo force disabled by torch.compiler.config.force_disable_caches
  warn_once(
/home/adnan-cdx/dt-inductor/.venv/lib64/python3.12/site-packages/torch/_dynamo/pgo.py:538: UserWarning: dynamo_pgo force disabled by torch.compiler.config.force_disable_caches
  warn_once(
/home/adnan-cdx/dt-inductor/.venv/lib64/python3.12/site-packages/torch/_dynamo/pgo.py:538: UserWarning: dynamo_pgo force disabled by torch.compiler.config.force_disable_caches
  warn_once(
/home/adnan-cdx/dt-inductor/.venv/lib64/python3.12/site-packages/torch/_dynamo/pgo.py:538: UserWarning: dynamo_pgo force disabled by torch.compiler.config.force_disable_caches
  warn_once(
/home/adnan-cdx/dt-inductor/.venv/lib64/python3.12/site-packages/torch/_dynamo/pgo.py:538: UserWarning: dynamo_pgo force disabled by torch.compiler.config.force_disable_caches
  warn_once(
/home/adnan-cdx/dt-inductor/.venv/lib64/python3.12/site-packages/torch/_dynamo/pgo.py:538: UserWarning: dynamo_pgo force disabled by torch.compiler.config.force_disable_caches
  warn_once(
/home/adnan-cdx/dt-inductor/.venv/lib64/python3.12/site-packages/torch/_dynamo/pgo.py:538: UserWarning: dynamo_pgo force disabled by torch.compiler.config.force_disable_caches
  warn_once(
/home/adnan-cdx/dt-inductor/.venv/lib64/python3.12/site-packages/torch/_dynamo/pgo.py:538: UserWarning: dynamo_pgo force disabled by torch.compiler.config.force_disable_caches
  warn_once(
/home/adnan-cdx/dt-inductor/.venv/lib64/python3.12/site-packages/torch/_dynamo/pgo.py:538: UserWarning: dynamo_pgo force disabled by torch.compiler.config.force_disable_caches
  warn_once(
ok    size=512   case=prefill_projection_join      restickifies=2   bytes=1048576 byte_hops=1376256
ok    size=512   case=decode_projection_join       restickifies=2   bytes=1048576 byte_hops=1376256
ok    size=512   case=mlp_gated_projection_join    restickifies=2   bytes=1048576 byte_hops=0
ok    size=512   case=attention_prefill_no_softmax restickifies=2   bytes=2359296 byte_hops=0
ok    size=512   case=attention_score_join_value_projection restickifies=2   bytes=2621440 byte_hops=0
ok    size=512   case=mamba_chunk_projection_join  restickifies=1   bytes=524288 byte_hops=0
ok    size=512   case=moe_two_expert_join          restickifies=2   bytes=1048576 byte_hops=0
ok    size=2048  case=prefill_projection_join      restickifies=2   bytes=4194304 byte_hops=16777216
ok    size=2048  case=decode_projection_join       restickifies=2   bytes=4194304 byte_hops=16777216
ok    size=2048  case=mlp_gated_projection_join    restickifies=2   bytes=4194304 byte_hops=0
ok    size=2048  case=attention_prefill_no_softmax restickifies=2   bytes=34603008 byte_hops=0
ok    size=2048  case=attention_score_join_value_projection restickifies=2   bytes=16777216 byte_hops=0
ok    size=2048  case=mamba_chunk_projection_join  restickifies=1   bytes=2097152 byte_hops=0
ok    size=2048  case=moe_two_expert_join          restickifies=2   bytes=4194304 byte_hops=0

Wrote /tmp/restickify-telemetry-survey/base-model/restickify_scenarios.jsonl
Wrote /tmp/restickify-telemetry-survey/base-model/restickify_scenarios.csv
Completed 14 rows with 0 errors
=== run base long 2026-05-15T11:47:50+00:00 ===
/home/adnan-cdx/dt-inductor/.venv/lib64/python3.12/site-packages/torch/_dynamo/pgo.py:538: UserWarning: dynamo_pgo force disabled by torch.compiler.config.force_disable_caches
  warn_once(
ok    size=65536 case=prefill_projection_join      restickifies=2   bytes=134217728 byte_hops=0

Wrote /tmp/restickify-telemetry-survey/base-long/restickify_scenarios.jsonl
Wrote /tmp/restickify-telemetry-survey/base-long/restickify_scenarios.csv
Completed 1 rows with 0 errors
=== run stage3b core 2026-05-15T11:48:07+00:00 ===
/home/adnan-cdx/dt-inductor/.venv/lib64/python3.12/site-packages/torch/_dynamo/pgo.py:538: UserWarning: dynamo_pgo force disabled by torch.compiler.config.force_disable_caches
  warn_once(
/home/adnan-cdx/dt-inductor/.venv/lib64/python3.12/site-packages/torch/_dynamo/pgo.py:538: UserWarning: dynamo_pgo force disabled by torch.compiler.config.force_disable_caches
  warn_once(
/home/adnan-cdx/dt-inductor/.venv/lib64/python3.12/site-packages/torch/_dynamo/pgo.py:538: UserWarning: dynamo_pgo force disabled by torch.compiler.config.force_disable_caches
  warn_once(
/home/adnan-cdx/dt-inductor/.venv/lib64/python3.12/site-packages/torch/_dynamo/pgo.py:538: UserWarning: dynamo_pgo force disabled by torch.compiler.config.force_disable_caches
  warn_once(
/home/adnan-cdx/dt-inductor/.venv/lib64/python3.12/site-packages/torch/_dynamo/pgo.py:538: UserWarning: dynamo_pgo force disabled by torch.compiler.config.force_disable_caches
  warn_once(
/home/adnan-cdx/dt-inductor/.venv/lib64/python3.12/site-packages/torch/_dynamo/pgo.py:538: UserWarning: dynamo_pgo force disabled by torch.compiler.config.force_disable_caches
  warn_once(
/home/adnan-cdx/dt-inductor/.venv/lib64/python3.12/site-packages/torch/_dynamo/pgo.py:538: UserWarning: dynamo_pgo force disabled by torch.compiler.config.force_disable_caches
  warn_once(
/home/adnan-cdx/dt-inductor/.venv/lib64/python3.12/site-packages/torch/_dynamo/pgo.py:538: UserWarning: dynamo_pgo force disabled by torch.compiler.config.force_disable_caches
  warn_once(
/home/adnan-cdx/dt-inductor/.venv/lib64/python3.12/site-packages/torch/_dynamo/pgo.py:538: UserWarning: dynamo_pgo force disabled by torch.compiler.config.force_disable_caches
  warn_once(
/home/adnan-cdx/dt-inductor/.venv/lib64/python3.12/site-packages/torch/_dynamo/pgo.py:538: UserWarning: dynamo_pgo force disabled by torch.compiler.config.force_disable_caches
  warn_once(
/home/adnan-cdx/dt-inductor/.venv/lib64/python3.12/site-packages/torch/_dynamo/pgo.py:538: UserWarning: dynamo_pgo force disabled by torch.compiler.config.force_disable_caches
  warn_once(
/home/adnan-cdx/dt-inductor/.venv/lib64/python3.12/site-packages/torch/_dynamo/pgo.py:538: UserWarning: dynamo_pgo force disabled by torch.compiler.config.force_disable_caches
  warn_once(
/home/adnan-cdx/dt-inductor/.venv/lib64/python3.12/site-packages/torch/_dynamo/pgo.py:538: UserWarning: dynamo_pgo force disabled by torch.compiler.config.force_disable_caches
  warn_once(
/home/adnan-cdx/dt-inductor/.venv/lib64/python3.12/site-packages/torch/_dynamo/pgo.py:538: UserWarning: dynamo_pgo force disabled by torch.compiler.config.force_disable_caches
  warn_once(
/home/adnan-cdx/dt-inductor/.venv/lib64/python3.12/site-packages/torch/_dynamo/pgo.py:538: UserWarning: dynamo_pgo force disabled by torch.compiler.config.force_disable_caches
  warn_once(
/home/adnan-cdx/dt-inductor/.venv/lib64/python3.12/site-packages/torch/_dynamo/pgo.py:538: UserWarning: dynamo_pgo force disabled by torch.compiler.config.force_disable_caches
  warn_once(
/home/adnan-cdx/dt-inductor/.venv/lib64/python3.12/site-packages/torch/_dynamo/pgo.py:538: UserWarning: dynamo_pgo force disabled by torch.compiler.config.force_disable_caches
  warn_once(
/home/adnan-cdx/dt-inductor/.venv/lib64/python3.12/site-packages/torch/_dynamo/pgo.py:538: UserWarning: dynamo_pgo force disabled by torch.compiler.config.force_disable_caches
  warn_once(
/home/adnan-cdx/dt-inductor/.venv/lib64/python3.12/site-packages/torch/_dynamo/pgo.py:538: UserWarning: dynamo_pgo force disabled by torch.compiler.config.force_disable_caches
  warn_once(
/home/adnan-cdx/dt-inductor/.venv/lib64/python3.12/site-packages/torch/_dynamo/pgo.py:538: UserWarning: dynamo_pgo force disabled by torch.compiler.config.force_disable_caches
  warn_once(
/home/adnan-cdx/dt-inductor/.venv/lib64/python3.12/site-packages/torch/_dynamo/pgo.py:538: UserWarning: dynamo_pgo force disabled by torch.compiler.config.force_disable_caches
  warn_once(
/home/adnan-cdx/dt-inductor/.venv/lib64/python3.12/site-packages/torch/_dynamo/pgo.py:538: UserWarning: dynamo_pgo force disabled by torch.compiler.config.force_disable_caches
  warn_once(
/home/adnan-cdx/dt-inductor/.venv/lib64/python3.12/site-packages/torch/_dynamo/pgo.py:538: UserWarning: dynamo_pgo force disabled by torch.compiler.config.force_disable_caches
  warn_once(
/home/adnan-cdx/dt-inductor/.venv/lib64/python3.12/site-packages/torch/_dynamo/pgo.py:538: UserWarning: dynamo_pgo force disabled by torch.compiler.config.force_disable_caches
  warn_once(
/home/adnan-cdx/dt-inductor/.venv/lib64/python3.12/site-packages/torch/_dynamo/pgo.py:538: UserWarning: dynamo_pgo force disabled by torch.compiler.config.force_disable_caches
  warn_once(
/home/adnan-cdx/dt-inductor/.venv/lib64/python3.12/site-packages/torch/_dynamo/pgo.py:538: UserWarning: dynamo_pgo force disabled by torch.compiler.config.force_disable_caches
  warn_once(
/home/adnan-cdx/dt-inductor/.venv/lib64/python3.12/site-packages/torch/_dynamo/pgo.py:538: UserWarning: dynamo_pgo force disabled by torch.compiler.config.force_disable_caches
  warn_once(
/home/adnan-cdx/dt-inductor/.venv/lib64/python3.12/site-packages/torch/_dynamo/pgo.py:538: UserWarning: dynamo_pgo force disabled by torch.compiler.config.force_disable_caches
  warn_once(
/home/adnan-cdx/dt-inductor/.venv/lib64/python3.12/site-packages/torch/_dynamo/pgo.py:538: UserWarning: dynamo_pgo force disabled by torch.compiler.config.force_disable_caches
  warn_once(
/home/adnan-cdx/dt-inductor/.venv/lib64/python3.12/site-packages/torch/_dynamo/pgo.py:538: UserWarning: dynamo_pgo force disabled by torch.compiler.config.force_disable_caches
  warn_once(
ok    size=128   case=pointwise_transpose_add      restickifies=1   bytes=32768 byte_hops=0
ok    size=128   case=pointwise_three_mixed        restickifies=1   bytes=32768 byte_hops=0
ok    size=128   case=matmul_lhs_wrong_stick       restickifies=1   bytes=32768 byte_hops=0
ok    size=128   case=matmul_rhs_wrong_stick       restickifies=1   bytes=32768 byte_hops=0
ok    size=128   case=adds_then_matmul             restickifies=2   bytes=65536 byte_hops=286720
ok    size=128   case=matmul_then_add              restickifies=1   bytes=32768 byte_hops=0
ok    size=128   case=transpose_chain              restickifies=1   bytes=32768 byte_hops=0
ok    size=128   case=fanout_diamond               restickifies=2   bytes=65536 byte_hops=0
ok    size=128   case=transpose_4d_chain           restickifies=1   bytes=65536 byte_hops=0
ok    size=128   case=linear_weight_transposed     restickifies=1   bytes=32768 byte_hops=0
ok    size=512   case=pointwise_transpose_add      restickifies=1   bytes=524288 byte_hops=0
ok    size=512   case=pointwise_three_mixed        restickifies=1   bytes=524288 byte_hops=0
ok    size=512   case=matmul_lhs_wrong_stick       restickifies=1   bytes=524288 byte_hops=0
ok    size=512   case=matmul_rhs_wrong_stick       restickifies=1   bytes=524288 byte_hops=0
ok    size=512   case=adds_then_matmul             restickifies=2   bytes=1048576 byte_hops=655360
ok    size=512   case=matmul_then_add              restickifies=1   bytes=524288 byte_hops=0
ok    size=512   case=transpose_chain              restickifies=1   bytes=524288 byte_hops=0
ok    size=512   case=fanout_diamond               restickifies=2   bytes=1048576 byte_hops=0
ok    size=512   case=transpose_4d_chain           restickifies=1   bytes=262144 byte_hops=0
ok    size=512   case=linear_weight_transposed     restickifies=1   bytes=524288 byte_hops=0
ok    size=2048  case=pointwise_transpose_add      restickifies=1   bytes=8388608 byte_hops=0
ok    size=2048  case=pointwise_three_mixed        restickifies=1   bytes=8388608 byte_hops=0
ok    size=2048  case=matmul_lhs_wrong_stick       restickifies=1   bytes=8388608 byte_hops=0
ok    size=2048  case=matmul_rhs_wrong_stick       restickifies=1   bytes=8388608 byte_hops=0
ok    size=2048  case=adds_then_matmul             restickifies=2   bytes=16777216 byte_hops=0
ok    size=2048  case=matmul_then_add              restickifies=1   bytes=8388608 byte_hops=0
ok    size=2048  case=transpose_chain              restickifies=1   bytes=8388608 byte_hops=0
ok    size=2048  case=fanout_diamond               restickifies=2   bytes=16777216 byte_hops=0
ok    size=2048  case=transpose_4d_chain           restickifies=1   bytes=1048576 byte_hops=0
ok    size=2048  case=linear_weight_transposed     restickifies=1   bytes=8388608 byte_hops=0

Wrote /tmp/restickify-telemetry-survey/stage3b-core/restickify_scenarios.jsonl
Wrote /tmp/restickify-telemetry-survey/stage3b-core/restickify_scenarios.csv
Completed 30 rows with 0 errors
=== run stage3b model 2026-05-15T11:48:50+00:00 ===
/home/adnan-cdx/dt-inductor/.venv/lib64/python3.12/site-packages/torch/_dynamo/pgo.py:538: UserWarning: dynamo_pgo force disabled by torch.compiler.config.force_disable_caches
  warn_once(
/home/adnan-cdx/dt-inductor/.venv/lib64/python3.12/site-packages/torch/_dynamo/pgo.py:538: UserWarning: dynamo_pgo force disabled by torch.compiler.config.force_disable_caches
  warn_once(
/home/adnan-cdx/dt-inductor/.venv/lib64/python3.12/site-packages/torch/_dynamo/pgo.py:538: UserWarning: dynamo_pgo force disabled by torch.compiler.config.force_disable_caches
  warn_once(
/home/adnan-cdx/dt-inductor/.venv/lib64/python3.12/site-packages/torch/_dynamo/pgo.py:538: UserWarning: dynamo_pgo force disabled by torch.compiler.config.force_disable_caches
  warn_once(
/home/adnan-cdx/dt-inductor/.venv/lib64/python3.12/site-packages/torch/_dynamo/pgo.py:538: UserWarning: dynamo_pgo force disabled by torch.compiler.config.force_disable_caches
  warn_once(
/home/adnan-cdx/dt-inductor/.venv/lib64/python3.12/site-packages/torch/_dynamo/pgo.py:538: UserWarning: dynamo_pgo force disabled by torch.compiler.config.force_disable_caches
  warn_once(
/home/adnan-cdx/dt-inductor/.venv/lib64/python3.12/site-packages/torch/_dynamo/pgo.py:538: UserWarning: dynamo_pgo force disabled by torch.compiler.config.force_disable_caches
  warn_once(
/home/adnan-cdx/dt-inductor/.venv/lib64/python3.12/site-packages/torch/_dynamo/pgo.py:538: UserWarning: dynamo_pgo force disabled by torch.compiler.config.force_disable_caches
  warn_once(
/home/adnan-cdx/dt-inductor/.venv/lib64/python3.12/site-packages/torch/_dynamo/pgo.py:538: UserWarning: dynamo_pgo force disabled by torch.compiler.config.force_disable_caches
  warn_once(
/home/adnan-cdx/dt-inductor/.venv/lib64/python3.12/site-packages/torch/_dynamo/pgo.py:538: UserWarning: dynamo_pgo force disabled by torch.compiler.config.force_disable_caches
  warn_once(
/home/adnan-cdx/dt-inductor/.venv/lib64/python3.12/site-packages/torch/_dynamo/pgo.py:538: UserWarning: dynamo_pgo force disabled by torch.compiler.config.force_disable_caches
  warn_once(
/home/adnan-cdx/dt-inductor/.venv/lib64/python3.12/site-packages/torch/_dynamo/pgo.py:538: UserWarning: dynamo_pgo force disabled by torch.compiler.config.force_disable_caches
  warn_once(
/home/adnan-cdx/dt-inductor/.venv/lib64/python3.12/site-packages/torch/_dynamo/pgo.py:538: UserWarning: dynamo_pgo force disabled by torch.compiler.config.force_disable_caches
  warn_once(
/home/adnan-cdx/dt-inductor/.venv/lib64/python3.12/site-packages/torch/_dynamo/pgo.py:538: UserWarning: dynamo_pgo force disabled by torch.compiler.config.force_disable_caches
  warn_once(
ok    size=512   case=prefill_projection_join      restickifies=2   bytes=1048576 byte_hops=655360
ok    size=512   case=decode_projection_join       restickifies=2   bytes=1048576 byte_hops=655360
ok    size=512   case=mlp_gated_projection_join    restickifies=2   bytes=1048576 byte_hops=0
ok    size=512   case=attention_prefill_no_softmax restickifies=2   bytes=2359296 byte_hops=0
ok    size=512   case=attention_score_join_value_projection restickifies=2   bytes=2621440 byte_hops=0
ok    size=512   case=mamba_chunk_projection_join  restickifies=1   bytes=524288 byte_hops=0
ok    size=512   case=moe_two_expert_join          restickifies=2   bytes=1048576 byte_hops=0
ok    size=2048  case=prefill_projection_join      restickifies=2   bytes=4194304 byte_hops=2621440
ok    size=2048  case=decode_projection_join       restickifies=2   bytes=4194304 byte_hops=2621440
ok    size=2048  case=mlp_gated_projection_join    restickifies=2   bytes=4194304 byte_hops=0
ok    size=2048  case=attention_prefill_no_softmax restickifies=2   bytes=34603008 byte_hops=0
ok    size=2048  case=attention_score_join_value_projection restickifies=2   bytes=16777216 byte_hops=0
ok    size=2048  case=mamba_chunk_projection_join  restickifies=1   bytes=2097152 byte_hops=0
ok    size=2048  case=moe_two_expert_join          restickifies=2   bytes=4194304 byte_hops=0

Wrote /tmp/restickify-telemetry-survey/stage3b-model/restickify_scenarios.jsonl
Wrote /tmp/restickify-telemetry-survey/stage3b-model/restickify_scenarios.csv
Completed 14 rows with 0 errors
=== run stage3b long 2026-05-15T11:49:43+00:00 ===
/home/adnan-cdx/dt-inductor/.venv/lib64/python3.12/site-packages/torch/_dynamo/pgo.py:538: UserWarning: dynamo_pgo force disabled by torch.compiler.config.force_disable_caches
  warn_once(
ok    size=65536 case=prefill_projection_join      restickifies=2   bytes=134217728 byte_hops=0

Wrote /tmp/restickify-telemetry-survey/stage3b-long/restickify_scenarios.jsonl
Wrote /tmp/restickify-telemetry-survey/stage3b-long/restickify_scenarios.csv
Completed 1 rows with 0 errors
selected timed rows 17
TIMED core adds_then_matmul 128 in_graph_hops
TIMED core adds_then_matmul 512 in_graph_hops
TIMED core pointwise_transpose_add 2048 large_graph_input
TIMED core pointwise_three_mixed 2048 large_graph_input
TIMED core matmul_lhs_wrong_stick 2048 large_graph_input
TIMED core matmul_rhs_wrong_stick 2048 large_graph_input
TIMED core adds_then_matmul 2048 in_graph_hops
TIMED core matmul_then_add 2048 large_graph_input
TIMED core transpose_chain 2048 large_graph_input
TIMED core fanout_diamond 2048 large_graph_input
TIMED core linear_weight_transposed 2048 large_graph_input
TIMED model prefill_projection_join 512 in_graph_hops
TIMED model decode_projection_join 512 in_graph_hops
TIMED model prefill_projection_join 2048 in_graph_hops
TIMED model decode_projection_join 2048 in_graph_hops
TIMED model attention_prefill_no_softmax 2048 large_graph_input
TIMED model attention_score_join_value_projection 2048 large_graph_input
/tmp/run_restickify_telemetry_survey.sh: line 111: t: unbound variable
